<?xml version="1.0" encoding="UTF-8"?>
<testng-results ignored="0" total="3" passed="3" failed="0" skipped="0">
  <reporter-output>
  </reporter-output>
  <suite started-at="2023-10-15T08:35:40 BST" name="API suite" finished-at="2023-10-15T08:35:47 BST" duration-ms="7205">
    <groups>
    </groups>
    <test started-at="2023-10-15T08:35:40 BST" name="Pet Store API Test" finished-at="2023-10-15T08:35:47 BST" duration-ms="7205">
      <class name="petstore.restassured.TC_02GetNewUserDetails">
        <test-method signature="GetMethod()[pri:0, instance:petstore.restassured.TC_02GetNewUserDetails@3da30852]" started-at="2023-10-15T08:35:45 BST" name="GetMethod" description="Get the new pet store user resource which was created via api" finished-at="2023-10-15T08:35:46 BST" duration-ms="1221" status="PASS">
          <reporter-output>
          </reporter-output>
        </test-method> <!-- GetMethod -->
      </class> <!-- petstore.restassured.TC_02GetNewUserDetails -->
      <class name="petstore.restassured.TC_03DeleteNewUser">
        <test-method signature="DeleteMethod()[pri:0, instance:petstore.restassured.TC_03DeleteNewUser@403f0a22]" started-at="2023-10-15T08:35:46 BST" name="DeleteMethod" description="Delete the new pet store user resource which was created via api" finished-at="2023-10-15T08:35:47 BST" duration-ms="1289" status="PASS">
          <reporter-output>
          </reporter-output>
        </test-method> <!-- DeleteMethod -->
      </class> <!-- petstore.restassured.TC_03DeleteNewUser -->
      <class name="petstore.restassured.TC_01CreateNewUser">
        <test-method signature="PostMethod()[pri:0, instance:petstore.restassured.TC_01CreateNewUser@7803bfd]" started-at="2023-10-15T08:35:40 BST" name="PostMethod" description="Create a new pet store user via api" finished-at="2023-10-15T08:35:45 BST" duration-ms="4551" status="PASS">
          <reporter-output>
          </reporter-output>
        </test-method> <!-- PostMethod -->
      </class> <!-- petstore.restassured.TC_01CreateNewUser -->
    </test> <!-- Pet Store API Test -->
  </suite> <!-- API suite -->
</testng-results>
