<?xml version="1.0" encoding="UTF-8"?>
<testng-results ignored="0" total="3" passed="3" failed="0" skipped="0">
  <reporter-output>
  </reporter-output>
  <suite started-at="2023-10-15T04:01:46 IST" name="API suite" finished-at="2023-10-15T04:01:55 IST" duration-ms="9358">
    <groups>
    </groups>
    <test started-at="2023-10-15T04:01:46 IST" name="Pet Store API Test" finished-at="2023-10-15T04:01:55 IST" duration-ms="9358">
      <class name="petstore.restassured.TC_02GetNewUserDetails">
        <test-method signature="GetMethod()[pri:0, instance:petstore.restassured.TC_02GetNewUserDetails@5a18cd76]" started-at="2023-10-15T04:01:52 IST" name="GetMethod" description="Get the new pet store user resource which was created via api" finished-at="2023-10-15T04:01:54 IST" duration-ms="1283" status="PASS">
          <reporter-output>
          </reporter-output>
        </test-method> <!-- GetMethod -->
      </class> <!-- petstore.restassured.TC_02GetNewUserDetails -->
      <class name="petstore.restassured.TC_03DeleteNewUser">
        <test-method signature="DeleteMethod()[pri:0, instance:petstore.restassured.TC_03DeleteNewUser@3da30852]" started-at="2023-10-15T04:01:54 IST" name="DeleteMethod" description="Delete the new pet store user resource which was created via api" finished-at="2023-10-15T04:01:55 IST" duration-ms="1540" status="PASS">
          <reporter-output>
          </reporter-output>
        </test-method> <!-- DeleteMethod -->
      </class> <!-- petstore.restassured.TC_03DeleteNewUser -->
      <class name="petstore.restassured.TC_01CreateNewUser">
        <test-method signature="PostMethod()[pri:0, instance:petstore.restassured.TC_01CreateNewUser@21a21c64]" started-at="2023-10-15T04:01:46 IST" name="PostMethod" description="Create a new pet store user via api" finished-at="2023-10-15T04:01:52 IST" duration-ms="6429" status="PASS">
          <reporter-output>
          </reporter-output>
        </test-method> <!-- PostMethod -->
      </class> <!-- petstore.restassured.TC_01CreateNewUser -->
    </test> <!-- Pet Store API Test -->
  </suite> <!-- API suite -->
</testng-results>
