<?xml version="1.0" encoding="UTF-8"?>
<!-- Generated by org.testng.reporters.JUnitXMLReporter -->
<testsuite ignored="0" hostname="DESKTOP-CQ20CQ9" failures="0" tests="3" name="Pet Store API Test" time="7.205" errors="0" timestamp="2023-10-15T08:35:48 BST">
  <testcase classname="petstore.restassured.TC_01CreateNewUser" name="PostMethod" time="4.551"/>
  <testcase classname="petstore.restassured.TC_02GetNewUserDetails" name="GetMethod" time="1.221"/>
  <testcase classname="petstore.restassured.TC_03DeleteNewUser" name="DeleteMethod" time="1.289"/>
</testsuite> <!-- Pet Store API Test -->
